info: Message Text : Random
	  From : Vedant
	  Chat ID : 1069308235
info: No reply sent
info: Message Text : POST
	  From : Vedant
	  Chat ID : 1069308235
info: Reply sent : You have got the information about Bessarabia Germans. To get more information on this topic, the wikipedia link to this topic is https://en.wikipedia.org/wiki/Bessarabia_Germans
info: Message Text : POST
	  From : Vedant
	  Chat ID : 1069308235
info: Reply sent : You have got the information about The Lost Princess. To get more information on this topic, the wikipedia link to this topic is https://en.wikipedia.org/wiki/The_Lost_Princess
info: Message Text : Hello
	  From : Vedant
	  Chat ID : 1069308235
info: No reply sent
info: Message Text : POST
	  From : Vedant
	  Chat ID : 1069308235
info: Reply sent : You have got the information about Chi-Chi's. To get more information on this topic, the wikipedia link to this topic is https://en.wikipedia.org/wiki/Chi-Chi%27s
info: Message Text : POST
	  From : Vedant
	  Chat ID : -1001597879360
info: Reply sent : You have got the information about Tweener (tennis). To get more information on this topic, the wikipedia link to this topic is https://en.wikipedia.org/wiki/Tweener_(tennis)
info: Message Text : Hello
	  From : Vedant
	  Chat ID : 1069308235
info: No reply sent
info: Message Text : POST
	  From : Vedant
	  Chat ID : 1069308235
info: Reply sent : You have got the information about Adrianna Foster. To get more information on this topic, the wikipedia link to this topic is https://en.wikipedia.org/wiki/Adrianna_Foster
info: Message Text : POST
	  From : Vedant
	  Chat ID : -1001597879360
info: Reply sent : You have got the information about 1985 1000 km of Fuji. To get more information on this topic, the wikipedia link to this topic is https://en.wikipedia.org/wiki/1985_1000_km_of_Fuji
info: Message Text : Hello
	  From : Vedant
	  Chat ID : 1069308235
info: No reply sent
info: Message Text : POST
	  From : Vedant
	  Chat ID : 1069308235
info: Reply sent : You have got the information about Stan Clayton. To get more information on this topic, the wikipedia link to this topic is https://en.wikipedia.org/wiki/Stan_Clayton
info: Message Text : POST
	  From : Rajesh
	  Chat ID : 5274381991
info: Reply sent : You have got the information about Stephen Guptill. To get more information on this topic, the wikipedia link to this topic is https://en.wikipedia.org/wiki/Stephen_Guptill
info: Message Text : Hey
	  From : Vedant
	  Chat ID : 1069308235
info: No reply sent
info: Message Text : POST
	  From : Vedant
	  Chat ID : 1069308235
info: Reply sent : You have got the information about Search results. To get more information on this topic, the wikipedia link to this topic is https://en.wikipedia.org/wiki?search=ElonMusk&ns0=1
info: Message Text : POST
	  From : Vedant
	  Chat ID : 1069308235
info: Reply sent : You have got the information about Elon Musk. To get more information on this topic, the wikipedia link to this topic is https://en.wikipedia.org/wiki/Elon_Musk
info: Message Text : POST
	  From : Vedant
	  Chat ID : 1069308235
info: Reply sent : You have got the information about Post. To get more information on this topic, the wikipedia link to this topic is https://en.wikipedia.org/wiki/POST
info: Message Text : CEO
	  From : Vedant
	  Chat ID : 1069308235
info: Reply sent : You have got the information about Chief executive officer. To get more information on this topic, the wikipedia link to this topic is https://en.wikipedia.org/wiki/CEO
info: Message Text : Colours
	  From : Vedant
	  Chat ID : 1069308235
info: Reply sent : You have got the information about Search results. To get more information on this topic, the wikipedia link to this topic is https://en.wikipedia.org/wiki?search=CEOColours&ns0=1
info: Message Text : Hello
	  From : Vedant
	  Chat ID : 1069308235
info: Reply sent : You have got the information about Search results. To get more information on this topic, the wikipedia link to this topic is https://en.wikipedia.org/wiki?search=CEOColoursHello&ns0=1
info: Message Text : Colours
	  From : Vedant
	  Chat ID : 1069308235
info: Reply sent : You have got the information about Color. To get more information on this topic, the wikipedia link to this topic is https://en.wikipedia.org/wiki/Colours
info: Message Text : Boats
	  From : Vedant
	  Chat ID : 1069308235
info: Reply sent : You have got the information about Boat. To get more information on this topic, the wikipedia link to this topic is https://en.wikipedia.org/wiki/Boats
info: Message Text : Node JS
	  From : Vedant
	  Chat ID : 1069308235
info: Reply sent : You have got the information about Node.js. To get more information on this topic, the wikipedia link to this topic is https://en.wikipedia.org/wiki/Node_js
info: Message Text : Karma cycle
	  From : Vedant
	  Chat ID : 1069308235
info: Reply sent : You have got the information about Search results. To get more information on this topic, the wikipedia link to this topic is https://en.wikipedia.org/wiki?search=Karma%20cycle&ns0=1
info: Message Text : Lions
	  From : Vedant
	  Chat ID : 1069308235
info: Reply sent : You have got the information about Lion. To get more information on this topic, the wikipedia link to this topic is https://en.wikipedia.org/wiki/Lions
info: Message Text : Lions
	  From : Vedant
	  Chat ID : 1069308235
info: Reply sent : You have got the information about Lion. To get more information on this topic, the wikipedia link to this topic is https://en.wikipedia.org/wiki/Lions
info: Message Text : Hevlett Packard
	  From : Vedant
	  Chat ID : 1069308235
info: Reply sent : You have got the information about Search results. To get more information on this topic, the wikipedia link to this topic is https://en.wikipedia.org/wiki?search=Hevlett%20Packard&ns0=1
info: Message Text : Game console
	  From : Vedant
	  Chat ID : 1069308235
info: Reply sent : You have got the information about Video game console. To get more information on this topic, the wikipedia link to this topic is https://en.wikipedia.org/wiki/Game_console
info: Message Text : Computer science
	  From : Vedant
	  Chat ID : 1069308235
info: Reply sent : You have got the information about Computer science. To get more information on this topic, the wikipedia link to this topic is https://en.wikipedia.org/wiki/Computer_science
info: Message Text : Hevlett Packard
	  From : Vedant
	  Chat ID : 1069308235
info: Reply sent : You have got the information about Search results. To get more information on this topic, the wikipedia link to this topic is https://en.wikipedia.org/wiki?search=Hevlett%20Packard&ns0=1
info: Message Text : Hevlett Pakard
	  From : Vedant
	  Chat ID : 1069308235
info: Reply sent : You have got the information about Search results. To get more information on this topic, the wikipedia link to this topic is https://en.wikipedia.org/wiki?search=Hevlett%20Pakard&ns0=1
info: Message Text : Hevlett Packard
	  From : Vedant
	  Chat ID : 1069308235
info: Reply sent : No wikipedia page found. Please check spelling and try again
info: Message Text : Drama queen
	  From : Vedant
	  Chat ID : 1069308235
info: Reply sent : You have got the information about Drama Queen. To get more information on this topic, the wikipedia link to this topic is https://en.wikipedia.org/wiki/Drama_queen
info: Message Text : Dam
	  From : Rajesh
	  Chat ID : 5274381991
info: Reply sent : You have got the information about Dam. To get more information on this topic, the wikipedia link to this topic is https://en.wikipedia.org/wiki/Dam
info: Message Text : Colours
	  From : Rajesh
	  Chat ID : 5274381991
info: Reply sent : You have got the information about Color. To get more information on this topic, the wikipedia link to this topic is https://en.wikipedia.org/wiki/Colours
info: Message Text : Big boss
	  From : Rajesh
	  Chat ID : 5274381991
info: Message Text : Big boss
	  From : Rajesh
	  Chat ID : 5274381991
info: Reply sent : You have got the information about Big Boss. To get more information on this topic, the wikipedia link to this topic is https://en.wikipedia.org/wiki/Big_boss
info: Reply sent : No wikipedia page found. Please check spelling and try again
info: Message Text : Respiration
	  From : Rajesh
	  Chat ID : 5274381991
info: Reply sent : You have got the information about Respiration. To get more information on this topic, the wikipedia link to this topic is https://en.wikipedia.org/wiki/Respiration
info: Message Text : Maruti
	  From : Rajesh
	  Chat ID : 5274381991
info: Reply sent : You have got the information about Maruti. To get more information on this topic, the wikipedia link to this topic is https://en.wikipedia.org/wiki/Maruti
info: Message Text : Maruti
	  From : Vedant
	  Chat ID : 1069308235
info: Reply sent : You have got the information about Maruti. To get more information on this topic, the wikipedia link to this topic is https://en.wikipedia.org/wiki/Maruti
info: Message Text : Computer Science
	  From : Vedant
	  Chat ID : 1069308235
info: Reply sent : You have got the information about Computer science. To get more information on this topic, the wikipedia link to this topic is https://en.wikipedia.org/wiki/Computer_Science
info: Message Text : Database engineering
	  From : Vedant
	  Chat ID : 1069308235
info: Reply sent : No wikipedia page found. Please check spelling and try again
info: Message Text : Database
	  From : Vedant
	  Chat ID : 1069308235
info: Reply sent : You have got the information about Database. To get more information on this topic, the wikipedia link to this topic is https://en.wikipedia.org/wiki/Database
info: Message Text : Wineyard
	  From : Vedant
	  Chat ID : 1069308235
info: Reply sent : You have got the information about Vineyard. To get more information on this topic, the wikipedia link to this topic is https://en.wikipedia.org/wiki/Wineyard
info: Message Text : 💛
	  From : Vedant
	  Chat ID : 1069308235
info: Reply sent : You have got the information about Heart symbol. To get more information on this topic, the wikipedia link to this topic is https://en.wikipedia.org/wiki/%F0%9F%92%9B
info: Message Text : 😜😜
	  From : Vedant
	  Chat ID : 1069308235
info: Reply sent : No wikipedia page found. Please check spelling and try again
info: Message Text : True
	  From : Vedant
	  Chat ID : 1069308235
info: Reply sent : You have got the information about True. To get more information on this topic, the wikipedia link to this topic is https://en.wikipedia.org/wiki/True
info: Message Text : Truth
	  From : Vedant
	  Chat ID : 1069308235
info: Reply sent : You have got the information about Truth. To get more information on this topic, the wikipedia link to this topic is https://en.wikipedia.org/wiki/Truth
info: Message Text : Hiii
	  From : Riya
	  Chat ID : 5031164121
info: Reply sent : No wikipedia page found. Please check spelling and try again
info: Message Text : Driving test
	  From : Riya
	  Chat ID : 5031164121
info: Reply sent : You have got the information about Driving test. To get more information on this topic, the wikipedia link to this topic is https://en.wikipedia.org/wiki/Driving_testSometimes you do look cute Riya💛Well ... only sometimes😜😜so dont fly high
info: Message Text : Nmaac
	  From : Riya
	  Chat ID : 5031164121
info: Reply sent : No wikipedia page found. Please check spelling and try again
info: Message Text : Barbie
	  From : Riya
	  Chat ID : 5031164121
info: Reply sent : You have got the information about Barbie. To get more information on this topic, the wikipedia link to this topic is https://en.wikipedia.org/wiki/BarbieSometimes you do look cute Riya💛Well ... only sometimes😜😜so dont fly high
info: Message Text : Ohh
	  From : Vedant
	  Chat ID : 1069308235
info: Reply sent : You have got the information about Okha Airport. To get more information on this topic, the wikipedia link to this topic is https://en.wikipedia.org/wiki/OHH
info: Message Text : Heyy
	  From : Vedant
	  Chat ID : 1069308235
info: Reply sent : And ik what you are thinking .... Dw you do look as pretty as Barbie
info: Message Text : Hola
	  From : Vedant
	  Chat ID : 1069308235
info: Reply sent : Texting me wont help Riya. I am just a bot, go meet my maker, and by meet i really mean meet 
info: Message Text : True
	  From : Vedant
	  Chat ID : 1069308235
info: Reply sent : Texting me wont help Riya. I am just a bot, go meet my maker, and by meet i really mean MEET😉😂
info: Message Text : Hola
	  From : Vedant
	  Chat ID : 1069308235
info: Reply sent : You have got the information about Hola. To get more information on this topic, the wikipedia link to this topic is https://en.wikipedia.org/wiki/Hola
info: Message Text : Hola
	  From : Vedant
	  Chat ID : 1069308235
info: Reply sent : You have got the information about Hola. To get more information on this topic, the wikipedia link to this topic is https://en.wikipedia.org/wiki/Hola
info: Message Text : Ho ho ho
	  From : Vedant
	  Chat ID : 1069308235
info: Reply sent : Texting me wont help Riya. I am just a bot, go meet my maker, and by meet i really mean MEET😉😂
info: Message Text : Pretty
	  From : Vedant
	  Chat ID : 1069308235
info: Reply sent : You have got the information about Pretty. To get more information on this topic, the wikipedia link to this topic is https://en.wikipedia.org/wiki/Pretty
info: Message Text : Habd
	  From : Vedant
	  Chat ID : 1069308235
info: Reply sent : You have got the information about Helicopter Aircrew Breathing Device. To get more information on this topic, the wikipedia link to this topic is https://en.wikipedia.org/wiki/HABD
info: Message Text : Awww..thank u Bot
	  From : Riya
	  Chat ID : 5031164121
info: Reply sent : No wikipedia page found. Please check spelling and try again
info: Message Text : 😂🤦🏼‍♀️
	  From : Riya
	  Chat ID : 5031164121
info: Reply sent : No wikipedia page found. Please check spelling and try again
info: Message Text : Tep
	  From : Vedant
	  Chat ID : 1069308235
info: Reply sent : You have got the information about Tep. To get more information on this topic, the wikipedia link to this topic is https://en.wikipedia.org/wiki/Tep
info: Message Text : Hahah
	  From : Vedant
	  Chat ID : 1069308235
info: Reply sent : Texting me wont help Riya. I am just a bot, go meet my maker, and by meet i really mean MEET😉😂
info: Message Text : Awww..thank u Bot
	  From : Riya
	  Chat ID : 5031164121
info: Reply sent : Telling this to me wont help Riya. I am just a bot, go meet my maker, and by meet i really mean MEET😉😂
info: Message Text : Well i think ur maker really wants to MEET me🤪
	  From : Riya
	  Chat ID : 5031164121
info: Reply sent : Telling this to me wont help Riya. I am just a bot, go meet my maker, and by meet i really mean MEET😉😂
info: Message Text : Heyy
	  From : Vedant
	  Chat ID : 1069308235
info: Reply sent : He really does. Just as a friend dont get him wrong. Just because he really needs another pretty friend
info: Message Text : U r so loyal to ur maker
	  From : Riya
	  Chat ID : 5031164121
info: Reply sent : Dont thank me ... Meet him please .... no preasure though
info: Message Text : How many replies are being kept ready ha😂
	  From : Riya
	  Chat ID : 5031164121
info: Reply sent : Dont thank me ... Meet him please .... no preasure though
info: Message Text : Helola
	  From : Vedant
	  Chat ID : 1069308235
info: Reply sent : No wikipedia page found. Please check spelling and try again
info: Message Text : Tell
	  From : Vedant
	  Chat ID : 1069308235
info: Reply sent : You have got the information about Tell. To get more information on this topic, the wikipedia link to this topic is https://en.wikipedia.org/wiki/Tell
info: Message Text : Tunnel
	  From : Vedant
	  Chat ID : 1069308235
info: Reply sent : You have got the information about Tunnel. To get more information on this topic, the wikipedia link to this topic is https://en.wikipedia.org/wiki/Tunnel
info: Message Text : Hoy
	  From : Vedant
	  Chat ID : 1069308235
info: Reply sent : You have got the information about Hoy. To get more information on this topic, the wikipedia link to this topic is https://en.wikipedia.org/wiki/Hoy
info: Message Text : Hyyu
	  From : Vedant
	  Chat ID : 1069308235
info: Reply sent : No wikipedia page found. Please check spelling and try again
info: Message Text : Trolls
	  From : Vedant
	  Chat ID : 1069308235
info: Reply sent : You have got the information about Troll. To get more information on this topic, the wikipedia link to this topic is https://en.wikipedia.org/wiki/Trolls
info: Message Text : Hey
	  From : Vedant
	  Chat ID : 1069308235
info: Reply sent to Riya : You have got the information about Hey. To get more information on this topic, the wikipedia link to this topic is https://en.wikipedia.org/wiki/Hey
info: Message Text : Hola
	  From : Vedant
	  Chat ID : 1069308235
info: Reply sent : You have got the information about Hola. To get more information on this topic, the wikipedia link to this topic is https://en.wikipedia.org/wiki/Hola
info: Message Text : Hi
	  From : Riya
	  Chat ID : 5031164121
info: Reply sent to Vedant : You have got the information about HI. To get more information on this topic, the wikipedia link to this topic is https://en.wikipedia.org/wiki/Hi
info: Reply sent : You have got the information about HI. To get more information on this topic, the wikipedia link to this topic is https://en.wikipedia.org/wiki/Hi
info: Message Text : Hello
	  From : Vedant
	  Chat ID : 1069308235
info: Reply sent to Riya : You have got the information about Hello. To get more information on this topic, the wikipedia link to this topic is https://en.wikipedia.org/wiki/Hello
info: Message Text : Nice
	  From : Riya
	  Chat ID : 5031164121
info: Reply sent to Vedant : You have got the information about Nice. To get more information on this topic, the wikipedia link to this topic is https://en.wikipedia.org/wiki/Nice
info: Reply sent : You have got the information about Nice. To get more information on this topic, the wikipedia link to this topic is https://en.wikipedia.org/wiki/Nice
info: Message Text : Thank you for your compliment
	  From : Vedant
	  Chat ID : 1069308235
info: Reply sent to Riya : No wikipedia page found. Please check spelling and try again
info: Message Text : Parsi new year
	  From : Rajesh
	  Chat ID : 5274381991
info: Reply sent : No wikipedia page found. Please check spelling and try again
info: Message Text : Parsinewyear
	  From : Rajesh
	  Chat ID : 5274381991
info: Reply sent : No wikipedia page found. Please check spelling and try again
info: Message Text : Newyear
	  From : Rajesh
	  Chat ID : 5274381991
info: Reply sent : No wikipedia page found. Please check spelling and try again
info: Message Text : Parsi
	  From : Rajesh
	  Chat ID : 5274381991
info: Reply sent : You have got the information about Parsis. To get more information on this topic, the wikipedia link to this topic is https://en.wikipedia.org/wiki/Parsi
info: Message Text : Noice
	  From : Vedant
	  Chat ID : 1069308235
info: Reply sent : You have got the information about Noice. To get more information on this topic, the wikipedia link to this topic is https://en.wikipedia.org/wiki/Noice
info: Message Text : Nope
	  From : Vedant
	  Chat ID : 1069308235
info: Reply sent : You have got the information about Nope. To get more information on this topic, the wikipedia link to this topic is https://en.wikipedia.org/wiki/Nope
info: Message Text : Hello
	  From : Vedant
	  Chat ID : 1069308235
info: Reply sent : You have got the information about Hello. To get more information on this topic, the wikipedia link to this topic is https://en.wikipedia.org/wiki/Hello
